D:\C++PROJECT\DEMO\DEBUG\DEMO.EXE
D:\C++PROJECT\DEMO\DEBUG\DEMO.ILK
D:\C++PROJECT\DEMO\DEBUG\DEMO.PDB
D:\C++Project\Demo\Demo\Debug\cl.command.1.tlog
D:\C++Project\Demo\Demo\Debug\CL.read.1.tlog
D:\C++Project\Demo\Demo\Debug\CL.write.1.tlog
D:\C++PROJECT\DEMO\DEMO\DEBUG\DEMO.EXE.EMBED.MANIFEST
D:\C++PROJECT\DEMO\DEMO\DEBUG\DEMO.EXE.EMBED.MANIFEST.RES
D:\C++PROJECT\DEMO\DEMO\DEBUG\DEMO.EXE.INTERMEDIATE.MANIFEST
D:\C++PROJECT\DEMO\DEMO\DEBUG\DEMO.OBJ
D:\C++PROJECT\DEMO\DEMO\DEBUG\DEMO.PCH
D:\C++PROJECT\DEMO\DEMO\DEBUG\DEMO.RES
D:\C++Project\Demo\Demo\Debug\Demo.write.1.tlog
D:\C++Project\Demo\Demo\Debug\Demo_manifest.rc
D:\C++PROJECT\DEMO\DEMO\DEBUG\DEMODLG.OBJ
D:\C++Project\Demo\Demo\Debug\link.command.1.tlog
D:\C++Project\Demo\Demo\Debug\link.read.1.tlog
D:\C++Project\Demo\Demo\Debug\link.write.1.tlog
D:\C++Project\Demo\Demo\Debug\link-cvtres.read.1.tlog
D:\C++Project\Demo\Demo\Debug\link-cvtres.write.1.tlog
D:\C++Project\Demo\Demo\Debug\mt.command.1.tlog
D:\C++Project\Demo\Demo\Debug\mt.read.1.tlog
D:\C++Project\Demo\Demo\Debug\mt.write.1.tlog
D:\C++Project\Demo\Demo\Debug\rc.command.1.tlog
D:\C++Project\Demo\Demo\Debug\rc.read.1.tlog
D:\C++Project\Demo\Demo\Debug\rc.write.1.tlog
D:\C++PROJECT\DEMO\DEMO\DEBUG\STDAFX.OBJ
D:\C++Project\Demo\Demo\Debug\vc100.idb
D:\C++PROJECT\DEMO\DEMO\DEBUG\VC100.PDB
