生成启动时间为 2016/10/15 23:19:59。
     1>项目“D:\C++Project\Demo\Demo\Demo.vcxproj”在节点 2 上(build 个目标)。
     1>InitializeBuildStatus:
         正在创建“Debug\Demo.unsuccessfulbuild”，因为已指定“AlwaysCreate”。
       ClCompile:
         所有输出均为最新。
         C:\Program Files (x86)\Microsoft Visual Studio 10.0\VC\bin\CL.exe /c /ZI /nologo /W3 /WX- /Od /Oy- /D WIN32 /D _WINDOWS /D _DEBUG /D _UNICODE /D UNICODE /Gm /EHsc /RTC1 /MTd /GS /fp:precise /Zc:wchar_t /Zc:forScope /Yu"StdAfx.h" /Fp"Debug\Demo.pch" /Fo"Debug\\" /Fd"Debug\vc100.pdb" /Gd /TP /analyze- /errorReport:prompt DemoDlg.cpp
         DemoDlg.cpp
     1>d:\c++project\demo\demo\demodlg.cpp(235): warning C4244: “=”: 从“double”转换到“char”，可能丢失数据
     1>d:\c++project\demo\demo\demodlg.cpp(335): warning C4244: “=”: 从“double”转换到“uchar”，可能丢失数据
       ResourceCompile:
         所有输出均为最新。
       ManifestResourceCompile:
         所有输出均为最新。
       Link:
         C:\Program Files (x86)\Microsoft Visual Studio 10.0\VC\bin\link.exe /ERRORREPORT:PROMPT /OUT:"D:\C++Project\Demo\Debug\Demo.exe" /INCREMENTAL /NOLOGO opencv_calib3d231d.lib opencv_contrib231d.lib opencv_core231d.lib opencv_features2d231d.lib opencv_flann231d.lib opencv_gpu231d.lib opencv_haartraining_engined.lib opencv_highgui231d.lib opencv_imgproc231d.lib opencv_legacy231d.lib opencv_ml231d.lib opencv_objdetect231d.lib opencv_ts231d.lib opencv_video231d.lib /MANIFEST /ManifestFile:"Debug\Demo.exe.intermediate.manifest" /MANIFESTUAC:"level='asInvoker' uiAccess='false'" /DEBUG /PDB:"D:\C++Project\Demo\Debug\Demo.pdb" /SUBSYSTEM:WINDOWS /TLBID:1 /ENTRY:"wWinMainCRTStartup" /DYNAMICBASE /NXCOMPAT /IMPLIB:"D:\C++Project\Demo\Debug\Demo.lib" /MACHINE:X86 Debug\Demo.res
         Debug\Demo.exe.embed.manifest.res
         Debug\Demo.obj
         Debug\DemoDlg.obj
         Debug\stdafx.obj
       Manifest:
         C:\Program Files (x86)\Microsoft SDKs\Windows\v7.0A\bin\mt.exe /nologo /verbose /out:"Debug\Demo.exe.embed.manifest" /manifest Debug\Demo.exe.intermediate.manifest "C:\Program Files (x86)\Microsoft Visual Studio 10.0\VC\Include\Manifest\dpiaware.manifest"
         所有输出均为最新。
       LinkEmbedManifest:
         所有输出均为最新。
         Demo.vcxproj -> D:\C++Project\Demo\Debug\Demo.exe
       FinalizeBuildStatus:
         正在删除文件“Debug\Demo.unsuccessfulbuild”。
         正在对“Debug\Demo.lastbuildstate”执行 Touch 任务。
     1>已完成生成项目“D:\C++Project\Demo\Demo\Demo.vcxproj”(build 个目标)的操作。

生成成功。

已用时间 00:00:02.91
